android/app/build/intermediates/manifest_merge_blame_file/release/manifest-merger-blame-release-report.txt
1<?xml version="1.0" encoding="utf-8"?>
2<!--
3 GreenIQ — AndroidManifest.xml
4     Awwwards-level logistics intelligence Android app
5-->
6<manifest xmlns:android="http://schemas.android.com/apk/res/android"
7    package="com.greeniq.app"
8    android:versionCode="1"
9    android:versionName="1.0.0" >
10
11    <uses-sdk
12        android:minSdkVersion="26"
13        android:targetSdkVersion="34" />
14
15    <uses-permission android:name="android.permission.INTERNET" />
15-->src\main\AndroidManifest.xml:7:5-67
15-->src\main\AndroidManifest.xml:7:22-64
16    <uses-permission android:name="android.permission.ACCESS_NETWORK_STATE" />
16-->src\main\AndroidManifest.xml:8:5-79
16-->src\main\AndroidManifest.xml:8:22-76
17
18    <uses-feature
18-->src\main\AndroidManifest.xml:10:5-78
19        android:glEsVersion="0x00020000"
19-->src\main\AndroidManifest.xml:10:19-51
20        android:required="true" />
20-->src\main\AndroidManifest.xml:10:52-75
21
22    <permission
22-->[androidx.core:core:1.12.0] AndroidManifest.xml:22:5-24:47
23        android:name="com.greeniq.app.DYNAMIC_RECEIVER_NOT_EXPORTED_PERMISSION"
23-->[androidx.core:core:1.12.0] AndroidManifest.xml:23:9-81
24        android:protectionLevel="signature" />
24-->[androidx.core:core:1.12.0] AndroidManifest.xml:24:9-44
25
26    <uses-permission android:name="com.greeniq.app.DYNAMIC_RECEIVER_NOT_EXPORTED_PERMISSION" />
26-->[androidx.core:core:1.12.0] AndroidManifest.xml:26:5-97
26-->[androidx.core:core:1.12.0] AndroidManifest.xml:26:22-94
27
28    <application
28-->src\main\AndroidManifest.xml:12:5-35:19
29        android:name="com.greeniq.app.GreenIQApp"
29-->src\main\AndroidManifest.xml:13:9-35
30        android:allowBackup="true"
30-->src\main\AndroidManifest.xml:14:9-35
31        android:appComponentFactory="androidx.core.app.CoreComponentFactory"
31-->[androidx.core:core:1.12.0] AndroidManifest.xml:28:18-86
32        android:extractNativeLibs="false"
33        android:icon="@mipmap/ic_launcher"
33-->src\main\AndroidManifest.xml:15:9-43
34        android:label="@string/app_name"
34-->src\main\AndroidManifest.xml:16:9-41
35        android:networkSecurityConfig="@xml/network_security_config"
35-->src\main\AndroidManifest.xml:20:9-69
36        android:roundIcon="@mipmap/ic_launcher_round"
36-->src\main\AndroidManifest.xml:17:9-54
37        android:supportsRtl="true"
37-->src\main\AndroidManifest.xml:18:9-35
38        android:theme="@style/Theme.GreenIQ" >
38-->src\main\AndroidManifest.xml:19:9-45
39        <activity
39-->src\main\AndroidManifest.xml:23:9-33:20
40            android:name="com.greeniq.app.MainActivity"
40-->src\main\AndroidManifest.xml:24:13-41
41            android:exported="true"
41-->src\main\AndroidManifest.xml:25:13-36
42            android:screenOrientation="portrait"
42-->src\main\AndroidManifest.xml:28:13-49
43            android:theme="@style/Theme.GreenIQ.Splash"
43-->src\main\AndroidManifest.xml:26:13-56
44            android:windowSoftInputMode="adjustResize" >
44-->src\main\AndroidManifest.xml:27:13-55
45            <intent-filter>
45-->src\main\AndroidManifest.xml:29:13-32:29
46                <action android:name="android.intent.action.MAIN" />
46-->src\main\AndroidManifest.xml:30:17-69
46-->src\main\AndroidManifest.xml:30:25-66
47
48                <category android:name="android.intent.category.LAUNCHER" />
48-->src\main\AndroidManifest.xml:31:17-77
48-->src\main\AndroidManifest.xml:31:27-74
49            </intent-filter>
50        </activity>
51
52        <uses-library
52-->[androidx.window:window:1.0.0] AndroidManifest.xml:25:9-27:40
53            android:name="androidx.window.extensions"
53-->[androidx.window:window:1.0.0] AndroidManifest.xml:26:13-54
54            android:required="false" />
54-->[androidx.window:window:1.0.0] AndroidManifest.xml:27:13-37
55        <uses-library
55-->[androidx.window:window:1.0.0] AndroidManifest.xml:28:9-30:40
56            android:name="androidx.window.sidecar"
56-->[androidx.window:window:1.0.0] AndroidManifest.xml:29:13-51
57            android:required="false" />
57-->[androidx.window:window:1.0.0] AndroidManifest.xml:30:13-37
58
59        <provider
59-->[androidx.emoji2:emoji2:1.3.0] AndroidManifest.xml:24:9-32:20
60            android:name="androidx.startup.InitializationProvider"
60-->[androidx.emoji2:emoji2:1.3.0] AndroidManifest.xml:25:13-67
61            android:authorities="com.greeniq.app.androidx-startup"
61-->[androidx.emoji2:emoji2:1.3.0] AndroidManifest.xml:26:13-68
62            android:exported="false" >
62-->[androidx.emoji2:emoji2:1.3.0] AndroidManifest.xml:27:13-37
63            <meta-data
63-->[androidx.emoji2:emoji2:1.3.0] AndroidManifest.xml:29:13-31:52
64                android:name="androidx.emoji2.text.EmojiCompatInitializer"
64-->[androidx.emoji2:emoji2:1.3.0] AndroidManifest.xml:30:17-75
65                android:value="androidx.startup" />
65-->[androidx.emoji2:emoji2:1.3.0] AndroidManifest.xml:31:17-49
66            <meta-data
66-->[androidx.lifecycle:lifecycle-process:2.7.0] AndroidManifest.xml:29:13-31:52
67                android:name="androidx.lifecycle.ProcessLifecycleInitializer"
67-->[androidx.lifecycle:lifecycle-process:2.7.0] AndroidManifest.xml:30:17-78
68                android:value="androidx.startup" />
68-->[androidx.lifecycle:lifecycle-process:2.7.0] AndroidManifest.xml:31:17-49
69            <meta-data
69-->[androidx.profileinstaller:profileinstaller:1.3.0] AndroidManifest.xml:29:13-31:52
70                android:name="androidx.profileinstaller.ProfileInstallerInitializer"
70-->[androidx.profileinstaller:profileinstaller:1.3.0] AndroidManifest.xml:30:17-85
71                android:value="androidx.startup" />
71-->[androidx.profileinstaller:profileinstaller:1.3.0] AndroidManifest.xml:31:17-49
72        </provider>
73
74        <receiver
74-->[androidx.profileinstaller:profileinstaller:1.3.0] AndroidManifest.xml:34:9-52:20
75            android:name="androidx.profileinstaller.ProfileInstallReceiver"
75-->[androidx.profileinstaller:profileinstaller:1.3.0] AndroidManifest.xml:35:13-76
76            android:directBootAware="false"
76-->[androidx.profileinstaller:profileinstaller:1.3.0] AndroidManifest.xml:36:13-44
77            android:enabled="true"
77-->[androidx.profileinstaller:profileinstaller:1.3.0] AndroidManifest.xml:37:13-35
78            android:exported="true"
78-->[androidx.profileinstaller:profileinstaller:1.3.0] AndroidManifest.xml:38:13-36
79            android:permission="android.permission.DUMP" >
79-->[androidx.profileinstaller:profileinstaller:1.3.0] AndroidManifest.xml:39:13-57
80            <intent-filter>
80-->[androidx.profileinstaller:profileinstaller:1.3.0] AndroidManifest.xml:40:13-42:29
81                <action android:name="androidx.profileinstaller.action.INSTALL_PROFILE" />
81-->[androidx.profileinstaller:profileinstaller:1.3.0] AndroidManifest.xml:41:17-91
81-->[androidx.profileinstaller:profileinstaller:1.3.0] AndroidManifest.xml:41:25-88
82            </intent-filter>
83            <intent-filter>
83-->[androidx.profileinstaller:profileinstaller:1.3.0] AndroidManifest.xml:43:13-45:29
84                <action android:name="androidx.profileinstaller.action.SKIP_FILE" />
84-->[androidx.profileinstaller:profileinstaller:1.3.0] AndroidManifest.xml:44:17-85
84-->[androidx.profileinstaller:profileinstaller:1.3.0] AndroidManifest.xml:44:25-82
85            </intent-filter>
86            <intent-filter>
86-->[androidx.profileinstaller:profileinstaller:1.3.0] AndroidManifest.xml:46:13-48:29
87                <action android:name="androidx.profileinstaller.action.SAVE_PROFILE" />
87-->[androidx.profileinstaller:profileinstaller:1.3.0] AndroidManifest.xml:47:17-88
87-->[androidx.profileinstaller:profileinstaller:1.3.0] AndroidManifest.xml:47:25-85
88            </intent-filter>
89            <intent-filter>
89-->[androidx.profileinstaller:profileinstaller:1.3.0] AndroidManifest.xml:49:13-51:29
90                <action android:name="androidx.profileinstaller.action.BENCHMARK_OPERATION" />
90-->[androidx.profileinstaller:profileinstaller:1.3.0] AndroidManifest.xml:50:17-95
90-->[androidx.profileinstaller:profileinstaller:1.3.0] AndroidManifest.xml:50:25-92
91            </intent-filter>
92        </receiver>
93    </application>
94
95</manifest>